<?xml version="1.0" encoding="UTF-8"?>
<testsuite xmlns:xsi="http://www.w3.org/2001/XMLSchema-instance" xsi:noNamespaceSchemaLocation="https://maven.apache.org/surefire/maven-surefire-plugin/xsd/surefire-test-report.xsd" version="3.0.2" name="pt.up.fe.util.EmailValidatorTest" time="0.036" tests="7" errors="0" skipped="0" failures="6">
  <properties>
[...]
</properties>
  <testcase name="emailValidator_InvalidEmailNoTld_ReturnsFalse" classname="pt.up.fe.util.EmailValidatorTest" time="0.003">
    <failure message="not yet implemented" type="org.opentest4j.AssertionFailedError"><![CDATA[org.opentest4j.AssertionFailedError: not yet implemented
	at org.junit.jupiter.api.AssertionUtils.fail(AssertionUtils.java:38)
	at org.junit.jupiter.api.Assertions.fail(Assertions.java:138)
	at pt.up.fe.util.EmailValidatorTest.emailValidator_InvalidEmailNoTld_ReturnsFalse(EmailValidatorTest.java:28)
	at java.base/java.lang.reflect.Method.invoke(Method.java:580)
	at java.base/java.util.ArrayList.forEach(ArrayList.java:1596)
	at java.base/java.util.ArrayList.forEach(ArrayList.java:1596)
]]></failure>
  </testcase>
  <testcase name="ensureThatEmailValidatorReturnsTrueForValidEmail" classname="pt.up.fe.util.EmailValidatorTest" time="0.005"/>
  <testcase name="emailValidator_NullEmail_ReturnsFalse" classname="pt.up.fe.util.EmailValidatorTest" time="0.003">
    <failure message="not yet implemented" type="org.opentest4j.AssertionFailedError"><![CDATA[org.opentest4j.AssertionFailedError: not yet implemented
	at org.junit.jupiter.api.AssertionUtils.fail(AssertionUtils.java:38)
	at org.junit.jupiter.api.Assertions.fail(Assertions.java:138)
	at pt.up.fe.util.EmailValidatorTest.emailValidator_NullEmail_ReturnsFalse(EmailValidatorTest.java:52)
	at java.base/java.lang.reflect.Method.invoke(Method.java:580)
	at java.base/java.util.ArrayList.forEach(ArrayList.java:1596)
	at java.base/java.util.ArrayList.forEach(ArrayList.java:1596)
]]></failure>
  </testcase>
  <testcase name="emailValidator_CorrectEmailSubDomain_ReturnsTrue" classname="pt.up.fe.util.EmailValidatorTest" time="0.003">
    <failure message="not yet implemented" type="org.opentest4j.AssertionFailedError"><![CDATA[org.opentest4j.AssertionFailedError: not yet implemented
	at org.junit.jupiter.api.AssertionUtils.fail(AssertionUtils.java:38)
	at org.junit.jupiter.api.Assertions.fail(Assertions.java:138)
	at pt.up.fe.util.EmailValidatorTest.emailValidator_CorrectEmailSubDomain_ReturnsTrue(EmailValidatorTest.java:21)
	at java.base/java.lang.reflect.Method.invoke(Method.java:580)
	at java.base/java.util.ArrayList.forEach(ArrayList.java:1596)
	at java.base/java.util.ArrayList.forEach(ArrayList.java:1596)
]]></failure>
  </testcase>
  <testcase name="emailValidator_InvalidEmailDoubleDot_ReturnsFalse" classname="pt.up.fe.util.EmailValidatorTest" time="0.003">
    <failure message="not yet implemented" type="org.opentest4j.AssertionFailedError"><![CDATA[org.opentest4j.AssertionFailedError: not yet implemented
	at org.junit.jupiter.api.AssertionUtils.fail(AssertionUtils.java:38)
	at org.junit.jupiter.api.Assertions.fail(Assertions.java:138)
	at pt.up.fe.util.EmailValidatorTest.emailValidator_InvalidEmailDoubleDot_ReturnsFalse(EmailValidatorTest.java:34)
	at java.base/java.lang.reflect.Method.invoke(Method.java:580)
	at java.base/java.util.ArrayList.forEach(ArrayList.java:1596)
	at java.base/java.util.ArrayList.forEach(ArrayList.java:1596)
]]></failure>
  </testcase>
  <testcase name="emailValidator_InvalidEmailNoUsername_ReturnsFalse" classname="pt.up.fe.util.EmailValidatorTest" time="0.003">
    <failure message="not yet implemented" type="org.opentest4j.AssertionFailedError"><![CDATA[org.opentest4j.AssertionFailedError: not yet implemented
	at org.junit.jupiter.api.AssertionUtils.fail(AssertionUtils.java:38)
	at org.junit.jupiter.api.Assertions.fail(Assertions.java:138)
	at pt.up.fe.util.EmailValidatorTest.emailValidator_InvalidEmailNoUsername_ReturnsFalse(EmailValidatorTest.java:40)
	at java.base/java.lang.reflect.Method.invoke(Method.java:580)
	at java.base/java.util.ArrayList.forEach(ArrayList.java:1596)
	at java.base/java.util.ArrayList.forEach(ArrayList.java:1596)
]]></failure>
  </testcase>
  <testcase name="emailValidator_EmptyString_ReturnsFalse" classname="pt.up.fe.util.EmailValidatorTest" time="0.004">
    <failure message="not yet implemented" type="org.opentest4j.AssertionFailedError"><![CDATA[org.opentest4j.AssertionFailedError: not yet implemented
	at org.junit.jupiter.api.AssertionUtils.fail(AssertionUtils.java:38)
	at org.junit.jupiter.api.Assertions.fail(Assertions.java:138)
	at pt.up.fe.util.EmailValidatorTest.emailValidator_EmptyString_ReturnsFalse(EmailValidatorTest.java:46)
	at java.base/java.lang.reflect.Method.invoke(Method.java:580)
	at java.base/java.util.ArrayList.forEach(ArrayList.java:1596)
	at java.base/java.util.ArrayList.forEach(ArrayList.java:1596)
]]></failure>
  </testcase>
</testsuite>